#
# There is insufficient memory for the Java Runtime Environment to continue.
# Native memory allocation (malloc) failed to allocate 1048576 bytes for AllocateHeap
# Possible reasons:
#   The system is out of physical RAM or swap space
#   In 32 bit mode, the process size limit was hit
# Possible solutions:
#   Reduce memory load on the system
#   Increase physical memory or swap space
#   Check if swap backing store is full
#   Use 64 bit Java on a 64 bit OS
#   Decrease Java heap size (-Xmx/-Xms)
#   Decrease number of Java threads
#   Decrease Java thread stack sizes (-Xss)
#   Set larger code cache with -XX:ReservedCodeCacheSize=
# This output file may be truncated or incomplete.
#
#  Out of Memory Error (memory/allocation.inline.hpp:61), pid=2780, tid=4424
#
# JRE version:  (8.0_40-b26) (build )
# Java VM: Java HotSpot(TM) 64-Bit Server VM (25.40-b25 mixed mode windows-amd64 compressed oops)
# Failed to write core dump. Minidumps are not enabled by default on client versions of Windows
#

---------------  T H R E A D  ---------------

Current thread (0x0000000002c02800):  JavaThread "Unknown thread" [_thread_in_vm, id=4424, stack(0x0000000002b00000,0x0000000002c00000)]

Stack: [0x0000000002b00000,0x0000000002c00000]
Native frames: (J=compiled Java code, j=interpreted, Vv=VM code, C=native code)
V  [jvm.dll+0x32b47a]
V  [jvm.dll+0x2797f3]
V  [jvm.dll+0x27a489]
V  [jvm.dll+0x2717a5]
V  [jvm.dll+0x1606]
V  [jvm.dll+0x3f7cf2]
V  [jvm.dll+0x3f868f]
V  [jvm.dll+0x3f875d]
V  [jvm.dll+0x3f8926]
V  [jvm.dll+0xf2c12]
V  [jvm.dll+0x20f139]
V  [jvm.dll+0x240d9a]
V  [jvm.dll+0x15b941]
C  [javaw.exe+0x217e]
C  [javaw.exe+0xcd17]
C  [javaw.exe+0xcdab]
C  [KERNEL32.DLL+0x13d2]
C  [ntdll.dll+0x15444]


---------------  P R O C E S S  ---------------

Java Threads: ( => current thread )

Other Threads:

=>0x0000000002c02800 (exited) JavaThread "Unknown thread" [_thread_in_vm, id=4424, stack(0x0000000002b00000,0x0000000002c00000)]

VM state:not at safepoint (normal execution)

VM Mutex/Monitor currently owned by a thread: None

Heap:
 PSYoungGen      total 16896K, used 296K [0x00000000ed980000, 0x00000000eec00000, 0x0000000100000000)
  eden space 14848K, 2% used [0x00000000ed980000,0x00000000ed9ca3e0,0x00000000ee800000)
  from space 2048K, 0% used [0x00000000eea00000,0x00000000eea00000,0x00000000eec00000)
  to   space 2048K, 0% used [0x00000000ee800000,0x00000000ee800000,0x00000000eea00000)
 ParOldGen       total 38400K, used 0K [0x00000000c8c00000, 0x00000000cb180000, 0x00000000ed980000)
  object space 38400K, 0% used [0x00000000c8c00000,0x00000000c8c00000,0x00000000cb180000)
 Metaspace       used 766K, capacity 4480K, committed 4480K, reserved 1056768K
  class space    used 75K, capacity 384K, committed 384K, reserved 1048576K

Card table byte_map: [0x00000000120c0000,0x0000000012280000] byte_map_base: 0x0000000011a7a000

Marking Bits: (ParMarkBitMap*) 0x00000000681f4040
 Begin Bits: [0x00000000127b0000, 0x0000000013580000)
 End Bits:   [0x0000000013580000, 0x0000000014350000)

Polling page: 0x00000000012e0000

CodeCache: size=245760Kb used=328Kb max_used=328Kb free=245431Kb
 bounds [0x0000000002d00000, 0x0000000002f70000, 0x0000000011d00000]
 total_blobs=57 nmethods=0 adapters=37
 compilation: enabled

Compilation events (0 events):
No events

GC Heap History (0 events):
No events

Deoptimization events (0 events):
No events

Internal exceptions (0 events):
No events

Events (10 events):
Event: 0.027 loading class java/lang/Short
Event: 0.027 loading class java/lang/Short done
Event: 0.027 loading class java/lang/Integer
Event: 0.027 loading class java/lang/Integer done
Event: 0.027 loading class java/lang/Long
Event: 0.027 loading class java/lang/Long done
Event: 0.028 loading class java/lang/NullPointerException
Event: 0.028 loading class java/lang/NullPointerException done
Event: 0.028 loading class java/lang/ArithmeticException
Event: 0.028 loading class java/lang/ArithmeticException done


Dynamic libraries:
0x00007ff621230000 - 0x00007ff621267000 	C:\Program Files\Java\jdk1.8.0_40\bin\javaw.exe
0x00007fff77de0000 - 0x00007fff77f8c000 	C:\Windows\SYSTEM32\ntdll.dll
0x00007fff76cf0000 - 0x00007fff76e2e000 	C:\Windows\system32\KERNEL32.DLL
0x00007fff75340000 - 0x00007fff75455000 	C:\Windows\system32\KERNELBASE.dll
0x00007fff73ad0000 - 0x00007fff73b5e000 	C:\Windows\system32\apphelp.dll
0x00007fff617d0000 - 0x00007fff61823000 	C:\Windows\AppPatch\AppPatch64\AcGenral.DLL
0x00007fff77920000 - 0x00007fff779ca000 	C:\Windows\system32\msvcrt.dll
0x00007fff74dd0000 - 0x00007fff74dfe000 	C:\Windows\SYSTEM32\SspiCli.dll
0x00007fff75460000 - 0x00007fff754b4000 	C:\Windows\system32\SHLWAPI.dll
0x00007fff77790000 - 0x00007fff77907000 	C:\Windows\system32\USER32.dll
0x00007fff77340000 - 0x00007fff774d4000 	C:\Windows\system32\ole32.dll
0x00007fff75630000 - 0x00007fff76b48000 	C:\Windows\system32\SHELL32.dll
0x00007fff74550000 - 0x00007fff74571000 	C:\Windows\SYSTEM32\USERENV.dll
0x00007fff754c0000 - 0x00007fff7556a000 	C:\Windows\system32\ADVAPI32.dll
0x00007fff665f0000 - 0x00007fff6660e000 	C:\Windows\SYSTEM32\MPR.dll
0x00007fff77640000 - 0x00007fff77781000 	C:\Windows\system32\RPCRT4.dll
0x00007fff76c30000 - 0x00007fff76c89000 	C:\Windows\SYSTEM32\sechost.dll
0x00007fff77bc0000 - 0x00007fff77dd1000 	C:\Windows\SYSTEM32\combase.dll
0x00007fff77180000 - 0x00007fff772d1000 	C:\Windows\system32\GDI32.dll
0x00007fff74f30000 - 0x00007fff74f45000 	C:\Windows\SYSTEM32\profapi.dll
0x00007fff732f0000 - 0x00007fff733a2000 	C:\Windows\SYSTEM32\SHCORE.dll
0x00007fff76e50000 - 0x00007fff76e86000 	C:\Windows\system32\IMM32.DLL
0x00007fff774e0000 - 0x00007fff77632000 	C:\Windows\system32\MSCTF.dll
0x00007fff72b90000 - 0x00007fff72e0b000 	C:\Windows\WinSxS\amd64_microsoft.windows.common-controls_6595b64144ccf1df_6.0.9600.17415_none_6240486fecbd8abb\COMCTL32.dll
0x00000000685b0000 - 0x0000000068682000 	C:\Program Files\Java\jdk1.8.0_40\jre\bin\msvcr100.dll
0x00000000679f0000 - 0x0000000068273000 	C:\Program Files\Java\jdk1.8.0_40\jre\bin\server\jvm.dll
0x00007fff6f780000 - 0x00007fff6f789000 	C:\Windows\SYSTEM32\WSOCK32.dll
0x00007fff70410000 - 0x00007fff70432000 	C:\Windows\SYSTEM32\WINMM.dll
0x00007fff6d220000 - 0x00007fff6d22a000 	C:\Windows\SYSTEM32\VERSION.dll
0x00007fff770b0000 - 0x00007fff770b7000 	C:\Windows\system32\PSAPI.DLL
0x00007fff76c90000 - 0x00007fff76cea000 	C:\Windows\system32\WS2_32.dll
0x00007fff6fb20000 - 0x00007fff6fb4a000 	C:\Windows\SYSTEM32\WINMMBASE.dll
0x00007fff77910000 - 0x00007fff77919000 	C:\Windows\system32\NSI.dll
0x00007fff750b0000 - 0x00007fff750ff000 	C:\Windows\SYSTEM32\cfgmgr32.dll
0x00007fff73d30000 - 0x00007fff73d58000 	C:\Windows\SYSTEM32\DEVOBJ.dll
0x00000000685a0000 - 0x00000000685af000 	C:\Program Files\Java\jdk1.8.0_40\jre\bin\verify.dll
0x0000000068570000 - 0x0000000068599000 	C:\Program Files\Java\jdk1.8.0_40\jre\bin\java.dll
0x0000000068550000 - 0x0000000068566000 	C:\Program Files\Java\jdk1.8.0_40\jre\bin\zip.dll
0x00007fff583b0000 - 0x00007fff5853a000 	C:\Windows\SYSTEM32\dbghelp.dll

VM Arguments:
jvm_args: -Dfile.encoding=UTF-8 
java_command: ba.unsa.etf.si.tim5.blagajna.gui.UnosKorisnikaWindow
java_class_path (initial): C:\Users\Faris\SkyDrive\GtiHub\SI2014Tim5\Implementacija\App\blagajna\target\classes;C:\Users\Faris\.m2\repository\net\sourceforge\dynamicreports\dynamicreports-core\4.0.0\dynamicreports-core-4.0.0.jar;C:\Users\Faris\.m2\repository\net\sf\jasperreports\jasperreports\6.0.0\jasperreports-6.0.0.jar;C:\Users\Faris\.m2\repository\com\itextpdf\itextpdf\5.5.0\itextpdf-5.5.0.jar;C:\Users\Faris\.m2\repository\com\itextpdf\itext-pdfa\5.5.0\itext-pdfa-5.5.0.jar;C:\Users\Faris\.m2\repository\org\eclipse\jdt\core\compiler\ecj\4.3.1\ecj-4.3.1.jar;C:\Users\Faris\.m2\repository\org\codehaus\castor\castor\1.2\castor-1.2.jar;C:\Users\Faris\.m2\repository\com\fasterxml\jackson\core\jackson-core\2.1.4\jackson-core-2.1.4.jar;C:\Users\Faris\.m2\repository\com\fasterxml\jackson\core\jackson-databind\2.1.4\jackson-databind-2.1.4.jar;C:\Users\Faris\.m2\repository\com\fasterxml\jackson\core\jackson-annotations\2.1.4\jackson-annotations-2.1.4.jar;C:\Users\Faris\.m2\repository\org\apache\commons\commons-lang3\3.1\commons-lang3-3.1.jar;C:\Users\Faris\.m2\repository\net\sf\barcode4j\barcode4j\2.0\barcode4j-2.0.jar;C:\Users\Faris\.m2\repository\avalon-framework\avalon-framework-impl\4.2.0\avalon-framework-impl-4.2.0.jar;C:\Users\Faris\.m2\repository\net\sourceforge\dynamicreports\dynamicreports-adhoc\4.0.0\dynamicreports-adhoc-4.0.0.jar;C:\Users\Faris\.m2\repository\mysql\mysql-connector-java\5.1.6\mysql-connector-java-5.1.6.jar;C:\Users\Faris\.m2\repository\org\hibernate\hibernate-core\4.3.9.Final\hibernate-core-4.3.9.Final.jar;C:\Users\Faris\.m2\repository\org\jboss\logging\jboss-logging\3.1.3.GA\jboss-logging-3.1.3.GA.jar;C:\Users\Faris\.m2\repository\org\jboss\logging\jboss-logging-annotations\1.2.0.Beta1\jboss-logging-annotations-1.2.0.Beta1.jar;C:\Users\Faris\.m2\repository\org\jboss\spec\javax\transaction\jboss-transaction-api_1.2_spec\1.0.0.Final\jboss-transaction-api_1.2_spec-1.0.0.Final.jar;C:\Users\Faris\.m2\repository\dom4j\dom4j\1.6.1\dom4j-1.6.1.jar;C:\U
Launcher Type: SUN_STANDARD

Environment Variables:
PATH=C:\Program Files (x86)\iis express\PHP\v5.5;C:\Program Files (x86)\iis express\PHP\v5.6;C:\Program Files\PHP\v5.3;C:\Program Files (x86)\PC Connectivity Solution\;C:\ProgramData\Oracle\Java\javapath;C:\Program Files (x86)\Intel\iCLS Client\;C:\Program Files\Intel\iCLS Client\;C:\Windows\system32;C:\Windows;C:\Windows\System32\Wbem;C:\Windows\System32\WindowsPowerShell\v1.0\;C:\Program Files (x86)\Windows Kits\8.1\Windows Performance Toolkit\;C:\Program Files\Microsoft SQL Server\110\Tools\Binn\;C:\Program Files\Intel\Intel(R) Management Engine Components\DAL;C:\Program Files\Intel\Intel(R) Management Engine Components\IPT;C:\Program Files (x86)\Intel\Intel(R) Management Engine Components\DAL;C:\Program Files (x86)\Intel\Intel(R) Management Engine Components\IPT;C:\Program Files\MATLAB\R2013b\runtime\win64;C:\Program Files\MATLAB\R2013b\bin;C:\Program Files\MATLAB\R2013b\polyspace\bin;C:\Program Files\Microsoft\Web Platform Installer\;C:\Program Files (x86)\Microsoft SDKs\TypeScript\1.0\;C:\Program Files\Micro;;C:\Users\Faris\AppData\Local\Code\bin
USERNAME=Faris
OS=Windows_NT
PROCESSOR_IDENTIFIER=Intel64 Family 6 Model 60 Stepping 3, GenuineIntel



---------------  S Y S T E M  ---------------

OS: Windows 8.1 , 64 bit Build 9600 (6.3.9600.17415)

CPU:total 4 (2 cores per cpu, 2 threads per core) family 6 model 60 stepping 3, cmov, cx8, fxsr, mmx, sse, sse2, sse3, ssse3, sse4.1, sse4.2, popcnt, avx, avx2, clmul, erms, lzcnt, ht, tsc, tscinvbit, bmi1, bmi2

Memory: 4k page, physical 3613804k(165376k free), swap 6759532k(932k free)

vm_info: Java HotSpot(TM) 64-Bit Server VM (25.40-b25) for windows-amd64 JRE (1.8.0_40-b26), built on Mar  7 2015 13:51:59 by "java_re" with MS VC++ 10.0 (VS2010)

time: Fri May 22 14:56:14 2015
elapsed time: 0 seconds (0d 0h 0m 0s)

